<?xml version="1.0" encoding="UTF-8"?>
<testsuite xmlns:xsi="http://www.w3.org/2001/XMLSchema-instance" xsi:schemaLocation="https://maven.apache.org/surefire/maven-surefire-plugin/xsd/surefire-test-report.xsd" name="TestSuite" time="31.117" tests="7" errors="0" skipped="0" failures="2">
  <properties>
[...]
</properties>
  <testcase name="testCorrectLoginCredentials" classname="tests.LoginTest" time="0.706"/>
  <testcase name="testIncorrectLoginCredentials" classname="tests.LoginTest" time="0.467"/>
  <testcase name="testCheckout" classname="tests.CheckoutTest" time="1.987"/>
  <testcase name="testCheckoutFail" classname="tests.CheckoutTest" time="1.128">
    <failure message="The following asserts failed:&#10;	expected [Finish] but found [CHECKOUT: COMPLETE!]" type="java.lang.AssertionError">java.lang.AssertionError: 
The following asserts failed:
	expected [Finish] but found [CHECKOUT: COMPLETE!]
	at tests.CheckoutTest.testCheckoutFail(CheckoutTest.java:42)
</failure>
  </testcase>
  <testcase name="testCategoriaEndpoint" classname="backend.tests.CategoriaTest" time="7.772"/>
  <testcase name="testLocalidades" classname="backend.tests.CategoriaTest" time="1.266">
    <failure message="expected [27] but found [28]" type="java.lang.AssertionError">java.lang.AssertionError: expected [27] but found [28]
	at backend.tests.CategoriaTest.testLocalidades(CategoriaTest.java:56)
</failure>
  </testcase>
  <testcase name="testPedidos" classname="backend.tests.CategoriaTest" time="2.424"/>
</testsuite>